<?xml version="1.0" encoding="UTF-8"?>
<!-- Generated by org.testng.reporters.JUnitReportReporter -->
<testsuite hostname="DESKTOP-GB3VIQ0" failures="0" tests="1" name="stepDefenitions.TestRunner" time="21.153" errors="1" timestamp="2024-09-12T11:04:03 CEST" skipped="0">
  <testcase classname="stepDefenitions.TestRunner" name="runScenario" time="21.153">
    <error message="Remote browser did not respond to getCurrentUrl
Build info: version: &#039;4.23.1&#039;, revision: &#039;656257d8e9&#039;
System info: os.name: &#039;Windows 11&#039;, os.arch: &#039;amd64&#039;, os.version: &#039;10.0&#039;, java.version: &#039;21.0.3&#039;
Driver info: driver.version: RemoteWebDriver" type="org.openqa.selenium.WebDriverException">
      <![CDATA[org.openqa.selenium.WebDriverException: Remote browser did not respond to getCurrentUrl
Build info: version: '4.23.1', revision: '656257d8e9'
System info: os.name: 'Windows 11', os.arch: 'amd64', os.version: '10.0', java.version: '21.0.3'
Driver info: driver.version: RemoteWebDriver
at org.openqa.selenium.remote.RemoteWebDriver.getCurrentUrl(RemoteWebDriver.java:327)
at stepDefenitions.LoginSteps.user_is_navigated_to_the_home_page(LoginSteps.java:40)
at âœ½.user is navigated to the home page(file:///C:/Users/Latitude%205411/eclipse-workspace/cucumberProject/src/test/resources/Feature/login.feature:8)
]]>
    </error>
  </testcase> <!-- runScenario -->
</testsuite> <!-- stepDefenitions.TestRunner -->
